e:\work\stu_project\screen_captrue\debug\vc120.pdb
e:\work\stu_project\screen_captrue\debug\vc120.idb
e:\work\stu_project\screen_captrue\debug\add_slution_wnd.obj
e:\work\stu_project\screen_captrue\debug\advanced_parent.obj
e:\work\stu_project\screen_captrue\debug\advanced_wnd.obj
e:\work\stu_project\screen_captrue\debug\base_window.obj
e:\work\stu_project\screen_captrue\debug\ip_edit_ui.obj
e:\work\stu_project\screen_captrue\debug\ip_manager.obj
e:\work\stu_project\screen_captrue\debug\ivga.obj
e:\work\stu_project\screen_captrue\debug\res_singleton.obj
e:\work\stu_project\screen_captrue\debug\screen_capture.obj
e:\work\stu_project\screen_captrue\debug\stdafx.obj
e:\work\stu_project\screen_captrue\debug\xml_manager.obj
e:\work\stu_project\screen_captrue\debug\screen_captrue.ilk
e:\work\stu_project\screen_captrue\debug\screen_captrue.exe
e:\work\stu_project\screen_captrue\debug\screen_captrue.pdb
e:\work\stu_project\screen_captrue\debug\screen_captrue.res
e:\work\stu_project\screen_captrue\\debug\screen_captrue.pdb
e:\work\stu_project\screen_captrue\\debug\screen_captrue.exe
e:\work\stu_project\screen_captrue\\debug\screen_captrue.ilk
e:\work\stu_project\screen_captrue\debug\screen_captrue.tlog\cl.command.1.tlog
e:\work\stu_project\screen_captrue\debug\screen_captrue.tlog\cl.read.1.tlog
e:\work\stu_project\screen_captrue\debug\screen_captrue.tlog\cl.write.1.tlog
e:\work\stu_project\screen_captrue\debug\screen_captrue.tlog\link.command.1.tlog
e:\work\stu_project\screen_captrue\debug\screen_captrue.tlog\link.read.1.tlog
e:\work\stu_project\screen_captrue\debug\screen_captrue.tlog\link.write.1.tlog
e:\work\stu_project\screen_captrue\debug\screen_captrue.tlog\rc.command.1.tlog
e:\work\stu_project\screen_captrue\debug\screen_captrue.tlog\rc.read.1.tlog
e:\work\stu_project\screen_captrue\debug\screen_captrue.tlog\rc.write.1.tlog
