Build started 2016/8/8 15:30:26.
     1>Project "E:\Work\stu_project\screen_captrue\screen_captrue.vcxproj" on node 2 (Build target(s)).
     1>C:\Program Files (x86)\MSBuild\Microsoft.Cpp\v4.0\V120\Microsoft.CppBuild.targets(364,5): warning MSB8004: Output Directory does not end with a trailing slash.  This build instance will add the slash as it is required to allow proper evaluation of the Output Directory.
     1>ClCompile:
         C:\Program Files (x86)\Microsoft Visual Studio 12.0\VC\bin\CL.exe /c /ZI /nologo /W3 /WX- /sdl /Od /Oy- /D WIN32 /D _DEBUG /D _WINDOWS /D _UNICODE /D UNICODE /GF- /Gm /EHsc /RTC1 /MDd /GS /fp:precise /Zc:wchar_t /Zc:forScope /Fo"Debug\\" /Fd"Debug\vc120.pdb" /Gd /TP /analyze- /errorReport:prompt ivga.cpp screen_capture.cpp
         screen_capture.cpp
     1>e:\work\stu_project\screen_captrue\screen_capture.cpp(279): warning C4305: 'argument' : truncation from 'int' to 'bool'
     1>c:\program files (x86)\microsoft visual studio 12.0\vc\include\xutility(2045): warning C4244: '=' : conversion from 'wchar_t' to 'char', possible loss of data
                 c:\program files (x86)\microsoft visual studio 12.0\vc\include\xutility(2066) : see reference to function template instantiation '_OutIt std::_Copy_impl<_InIt,_OutIt>(_InIt,_InIt,_OutIt,std::_Nonscalar_ptr_iterator_tag)' being compiled
                 with
                 [
                     _OutIt=char *
         ,            _InIt=wchar_t *
                 ]
                 c:\program files (x86)\microsoft visual studio 12.0\vc\include\xutility(2097) : see reference to function template instantiation '_OutIt std::_Copy_impl<_InIt,char*>(_InIt,_InIt,_OutIt)' being compiled
                 with
                 [
                     _OutIt=char *
         ,            _InIt=wchar_t *
                 ]
                 c:\program files (x86)\microsoft visual studio 12.0\vc\include\xutility(2107) : see reference to function template instantiation '_OutIt std::_Copy_impl<_InIt,_OutIt>(_InIt,_InIt,_OutIt,std::random_access_iterator_tag,std::random_access_iterator_tag)' being compiled
                 with
                 [
                     _OutIt=std::_String_iterator<std::_String_val<std::_Simple_types<char>>>
         ,            _InIt=wchar_t *
                 ]
                 c:\program files (x86)\microsoft visual studio 12.0\vc\include\xutility(2132) : see reference to function template instantiation '_OutIt std::_Copy_impl<wchar_t*,_OutIt>(_InIt,_InIt,_OutIt,std::true_type)' being compiled
                 with
                 [
                     _OutIt=std::_String_iterator<std::_String_val<std::_Simple_types<char>>>
         ,            _InIt=wchar_t *
                 ]
                 e:\work\stu_project\screen_captrue\screen_capture.cpp(191) : see reference to function template instantiation '_OutIt std::copy<std::_String_iterator<std::_String_val<std::_Simple_types<wchar_t>>>,std::_String_iterator<std::_String_val<std::_Simple_types<char>>>>(_InIt,_InIt,_OutIt)' being compiled
                 with
                 [
                     _OutIt=std::_String_iterator<std::_String_val<std::_Simple_types<char>>>
         ,            _InIt=std::_String_iterator<std::_String_val<std::_Simple_types<wchar_t>>>
                 ]
         Generating Code...
         Skipping... (no relevant changes detected)
         ivga.cpp
       Link:
         C:\Program Files (x86)\Microsoft Visual Studio 12.0\VC\bin\link.exe /ERRORREPORT:PROMPT /OUT:"E:\Work\stu_project\screen_captrue\\Debug\screen_captrue.exe" /INCREMENTAL /NOLOGO libvlc.lib libvlccore.lib kernel32.lib user32.lib gdi32.lib winspool.lib comdlg32.lib advapi32.lib shell32.lib ole32.lib oleaut32.lib uuid.lib odbc32.lib odbccp32.lib /MANIFEST /MANIFESTUAC:"level='asInvoker' uiAccess='false'" /manifest:embed /DEBUG /PDB:"E:\Work\stu_project\screen_captrue\\Debug\screen_captrue.pdb" /SUBSYSTEM:WINDOWS /TLBID:1 /DYNAMICBASE /NXCOMPAT /IMPLIB:"E:\Work\stu_project\screen_captrue\\Debug\screen_captrue.lib" /MACHINE:X86 Debug\screen_captrue.res
         Debug\add_slution_wnd.obj
         Debug\advanced_parent.obj
         Debug\advanced_wnd.obj
         Debug\base_window.obj
         Debug\ip_edit_ui.obj
         Debug\ip_manager.obj
         Debug\ivga.obj
         Debug\res_singleton.obj
         Debug\screen_capture.obj
         Debug\stdafx.obj
         Debug\xml_manager.obj
         screen_captrue.vcxproj -> E:\Work\stu_project\screen_captrue\\Debug\screen_captrue.exe
     1>Done Building Project "E:\Work\stu_project\screen_captrue\screen_captrue.vcxproj" (Build target(s)).

Build succeeded.

Time Elapsed 00:00:01.42
